<?xml version="1.0" encoding="UTF-8"?>
<!-- Generated by org.testng.reporters.JUnitReportReporter -->
<testsuite skipped="0" hostname="hppc" name="script.CheckVversion" tests="1" failures="0" timestamp="08 Feb 2018 17:09:35 GMT" time="28.755" errors="0">
  <testcase name="testCheckVversion" time="28.755" classname="script.CheckVversion"/>
</testsuite> <!-- script.CheckVversion -->
